# JRE version: OpenJDK Runtime Environment Temurin-21.0.9+10 (21.0.9+10) (build 21.0.9+10-LTS)
# Java VM: OpenJDK 64-Bit Server VM Temurin-21.0.9+10 (21.0.9+10-LTS, mixed mode, tiered, compressed oops, compressed class ptrs, g1 gc, windows-amd64)
GC Precious Log:
 CardTable entry size: 512
 Card Set container configuration: InlinePtr #cards 4 size 8 Array Of Cards #cards 32 size 80 Howl #buckets 8 coarsen threshold 7372 Howl Bitmap #cards 1024 size 144 coarsen threshold 921 Card regions per heap region 1 cards per card region 8192
 CPUs: 32 total, 32 available
 Memory: 31959M
 Large Page Support: Disabled
 NUMA Support: Disabled
 Compressed Oops: Enabled (Zero based)
 Heap Region Size: 4M
 Heap Min Capacity: 8M
 Heap Initial Capacity: 500M
 Heap Max Capacity: 7992M
 Pre-touch: Disabled
 Parallel Workers: 23
 Concurrent Workers: 6
 Concurrent Refinement Workers: 23
 Periodic GC: Disabled
Heap:
 garbage-first heap   total 1507328K, used 260639K [0x000000060c800000, 0x0000000800000000)
  region size 4096K, 2 young (8192K), 2 survivors (8192K)
 Metaspace       used 94388K, committed 95552K, reserved 1179648K
  class space    used 10471K, committed 11008K, reserved 1048576K
GC Heap History (20 events):
Event: 13.111 GC heap after
{Heap after GC invocations=34 (full 0):
 garbage-first heap   total 753664K, used 147323K [0x000000060c800000, 0x0000000800000000)
  region size 4096K, 6 young (24576K), 6 survivors (24576K)
 Metaspace       used 88747K, committed 89856K, reserved 1179648K
  class space    used 9904K, committed 10432K, reserved 1048576K
}
Event: 13.177 GC heap before
{Heap before GC invocations=34 (full 0):
 garbage-first heap   total 753664K, used 573307K [0x000000060c800000, 0x0000000800000000)
  region size 4096K, 110 young (450560K), 6 survivors (24576K)
 Metaspace       used 88750K, committed 89920K, reserved 1179648K
  class space    used 9904K, committed 10432K, reserved 1048576K
}
Event: 13.329 GC heap after
{Heap after GC invocations=35 (full 0):
 garbage-first heap   total 1507328K, used 147501K [0x000000060c800000, 0x0000000800000000)
  region size 4096K, 5 young (20480K), 5 survivors (20480K)
 Metaspace       used 88750K, committed 89920K, reserved 1179648K
  class space    used 9904K, committed 10432K, reserved 1048576K
}
Event: 13.495 GC heap before
{Heap before GC invocations=35 (full 0):
 garbage-first heap   total 1507328K, used 1028141K [0x000000060c800000, 0x0000000800000000)
  region size 4096K, 220 young (901120K), 5 survivors (20480K)
 Metaspace       used 88766K, committed 89920K, reserved 1179648K
  class space    used 9904K, committed 10432K, reserved 1048576K
}
Event: 13.501 GC heap after
{Heap after GC invocations=36 (full 0):
 garbage-first heap   total 1507328K, used 149595K [0x000000060c800000, 0x0000000800000000)
  region size 4096K, 5 young (20480K), 5 survivors (20480K)
 Metaspace       used 88766K, committed 89920K, reserved 1179648K
  class space    used 9904K, committed 10432K, reserved 1048576K
}
Event: 13.644 GC heap before
{Heap before GC invocations=36 (full 0):
 garbage-first heap   total 1507328K, used 1030235K [0x000000060c800000, 0x0000000800000000)
  region size 4096K, 220 young (901120K), 5 survivors (20480K)
 Metaspace       used 88768K, committed 89920K, reserved 1179648K
  class space    used 9904K, committed 10432K, reserved 1048576K
}
Event: 13.649 GC heap after
{Heap after GC invocations=37 (full 0):
 garbage-first heap   total 1507328K, used 151627K [0x000000060c800000, 0x0000000800000000)
  region size 4096K, 5 young (20480K), 5 survivors (20480K)
 Metaspace       used 88768K, committed 89920K, reserved 1179648K
  class space    used 9904K, committed 10432K, reserved 1048576K
}
Event: 13.784 GC heap before
{Heap before GC invocations=37 (full 0):
 garbage-first heap   total 1507328K, used 1032267K [0x000000060c800000, 0x0000000800000000)
  region size 4096K, 220 young (901120K), 5 survivors (20480K)
 Metaspace       used 88779K, committed 89920K, reserved 1179648K
  class space    used 9904K, committed 10432K, reserved 1048576K
}
Event: 13.787 GC heap after
{Heap after GC invocations=38 (full 0):
 garbage-first heap   total 1507328K, used 153751K [0x000000060c800000, 0x0000000800000000)
  region size 4096K, 5 young (20480K), 5 survivors (20480K)
 Metaspace       used 88779K, committed 89920K, reserved 1179648K
  class space    used 9904K, committed 10432K, reserved 1048576K
}
Event: 13.925 GC heap before
{Heap before GC invocations=38 (full 0):
 garbage-first heap   total 1507328K, used 1034391K [0x000000060c800000, 0x0000000800000000)
  region size 4096K, 220 young (901120K), 5 survivors (20480K)
 Metaspace       used 88781K, committed 89920K, reserved 1179648K
  class space    used 9904K, committed 10432K, reserved 1048576K
}
Event: 13.927 GC heap after
{Heap after GC invocations=39 (full 0):
 garbage-first heap   total 1507328K, used 155610K [0x000000060c800000, 0x0000000800000000)
  region size 4096K, 5 young (20480K), 5 survivors (20480K)
 Metaspace       used 88781K, committed 89920K, reserved 1179648K
  class space    used 9904K, committed 10432K, reserved 1048576K
}
Event: 14.112 GC heap before
{Heap before GC invocations=39 (full 0):
 garbage-first heap   total 1507328K, used 1036250K [0x000000060c800000, 0x0000000800000000)
  region size 4096K, 220 young (901120K), 5 survivors (20480K)
 Metaspace       used 88800K, committed 89920K, reserved 1179648K
  class space    used 9904K, committed 10432K, reserved 1048576K
}
Event: 14.115 GC heap after
{Heap after GC invocations=40 (full 0):
 garbage-first heap   total 1507328K, used 157285K [0x000000060c800000, 0x0000000800000000)
  region size 4096K, 5 young (20480K), 5 survivors (20480K)
 Metaspace       used 88800K, committed 89920K, reserved 1179648K
  class space    used 9904K, committed 10432K, reserved 1048576K
}
Event: 14.944 GC heap before
{Heap before GC invocations=40 (full 0):
 garbage-first heap   total 1507328K, used 1037925K [0x000000060c800000, 0x0000000800000000)
  region size 4096K, 220 young (901120K), 5 survivors (20480K)
 Metaspace       used 89621K, committed 90752K, reserved 1179648K
  class space    used 9952K, committed 10496K, reserved 1048576K
}
Event: 14.949 GC heap after
{Heap after GC invocations=41 (full 0):
 garbage-first heap   total 1507328K, used 165855K [0x000000060c800000, 0x0000000800000000)
  region size 4096K, 7 young (28672K), 7 survivors (28672K)
 Metaspace       used 89621K, committed 90752K, reserved 1179648K
  class space    used 9952K, committed 10496K, reserved 1048576K
}
Event: 18.861 GC heap before
{Heap before GC invocations=41 (full 0):
 garbage-first heap   total 1507328K, used 1038303K [0x000000060c800000, 0x0000000800000000)
  region size 4096K, 220 young (901120K), 7 survivors (28672K)
 Metaspace       used 94279K, committed 95488K, reserved 1179648K
  class space    used 10470K, committed 11008K, reserved 1048576K
}
Event: 18.887 GC heap after
{Heap after GC invocations=42 (full 0):
 garbage-first heap   total 1507328K, used 257524K [0x000000060c800000, 0x0000000800000000)
  region size 4096K, 28 young (114688K), 28 survivors (114688K)
 Metaspace       used 94279K, committed 95488K, reserved 1179648K
  class space    used 10470K, committed 11008K, reserved 1048576K
}
Event: 19.230 GC heap before
{Heap before GC invocations=42 (full 0):
 garbage-first heap   total 1507328K, used 1043956K [0x000000060c800000, 0x0000000800000000)
  region size 4096K, 220 young (901120K), 28 survivors (114688K)
 Metaspace       used 94388K, committed 95552K, reserved 1179648K
  class space    used 10471K, committed 11008K, reserved 1048576K
}
Event: 19.244 GC heap after
{Heap after GC invocations=43 (full 0):
 garbage-first heap   total 1507328K, used 272427K [0x000000060c800000, 0x0000000800000000)
  region size 4096K, 4 young (16384K), 4 survivors (16384K)
 Metaspace       used 94388K, committed 95552K, reserved 1179648K
  class space    used 10471K, committed 11008K, reserved 1048576K
}
Event: 19.411 GC heap before
{Heap before GC invocations=43 (full 0):
 garbage-first heap   total 1507328K, used 1157163K [0x000000060c800000, 0x0000000800000000)
  region size 4096K, 220 young (901120K), 4 survivors (16384K)
 Metaspace       used 94388K, committed 95552K, reserved 1179648K
  class space    used 10471K, committed 11008K, reserved 1048576K
}

